<?xml version="1.0" encoding="UTF-8"?>
<!-- Generated by org.testng.reporters.JUnitReportReporter -->
<testsuite hostname="ISIPL-PUNV-D011" failures="0" tests="4" name="SeleniumTestngTest" time="4.418" errors="0" timestamp="2023-07-24T12:06:14 IST" skipped="0">
  <testcase classname="SeleniumTestngTest" name="verifyhomepage" time="0.434"/>
  <system-out/>
  <testcase classname="SeleniumTestngTest" name="verifyhomepagetitle" time="0.012"/>
  <system-out/>
  <testcase classname="SeleniumTestngTest" name="verifyloginwithwrongcredentials" time="3.807"/>
  <system-out/>
  <testcase classname="SeleniumTestngTest" name="verifyloginwithrightcredentials" time="0.165"/>
  <system-out/>
</testsuite> <!-- SeleniumTestngTest -->
